<?xml version="1.0" encoding="UTF-8"?>
<TestRun id="684e3e3f-523f-46a5-8d24-d2d0c94958e0" name="Pedro@PEDRO-PC 2012-06-10 21:21:52" runUser="Pedro-PC\Pedro" xmlns="http://microsoft.com/schemas/VisualStudio/TeamTest/2010">
  <TestSettings name="Local" id="844e47e7-8328-45e7-8c07-d81531a54d87">
    <Description>These are default test settings for a local test run.</Description>
    <Deployment enabled="false" runDeploymentRoot="Pedro_PEDRO-PC 2012-06-10 21_21_52">
      <DeploymentItem filename="c:\users\pedro\documents\visual studio 2010\Projects\ES1TDD\ES1TDD\bin\ES1TDD.dll" />
    </Deployment>
    <Execution>
      <TestTypeSpecific />
      <AgentRule name="Execution Agents">
      </AgentRule>
    </Execution>
  </TestSettings>
  <Times creation="2012-06-10T21:21:52.2825382-03:00" queuing="2012-06-10T21:21:52.3195404-03:00" start="2012-06-10T21:21:52.3505421-03:00" finish="2012-06-10T21:21:52.8065682-03:00" />
  <ResultSummary outcome="Completed">
    <Counters total="4" executed="4" passed="4" error="0" failed="0" timeout="0" aborted="0" inconclusive="0" passedButRunAborted="0" notRunnable="0" notExecuted="0" disconnected="0" warning="0" completed="0" inProgress="0" pending="0" />
  </ResultSummary>
  <TestDefinitions>
    <UnitTest name="IsValidoTestTrue" storage="c:\users\pedro\documents\visual studio 2010\projects\es1tdd\testtdd\bin\debug\testtdd.dll" id="ac84d717-6b39-8aec-5ab1-6e7c1ed03c5a">
      <Execution id="c5145540-4a1c-495b-bdb1-175445160774" />
      <TestMethod codeBase="c:/users/pedro/documents/visual studio 2010/Projects/ES1TDD/TestTDD/bin/Debug/TestTDD.DLL" adapterTypeName="Microsoft.VisualStudio.TestTools.TestTypes.Unit.UnitTestAdapter, Microsoft.VisualStudio.QualityTools.Tips.UnitTest.Adapter, Version=10.0.0.0, Culture=neutral, PublicKeyToken=b03f5f7f11d50a3a" className="TestTDD.CupomTest, TestTDD, Version=1.0.0.0, Culture=neutral, PublicKeyToken=null" name="IsValidoTestTrue" />
    </UnitTest>
    <UnitTest name="IsValidoTestFalse" storage="c:\users\pedro\documents\visual studio 2010\projects\es1tdd\testtdd\bin\debug\testtdd.dll" id="aba7c4a4-1e96-9fe0-7c16-fcb266ebb7f9">
      <Execution id="d2d27b40-afdd-4fbd-9b24-2197b8f99cd2" />
      <TestMethod codeBase="c:/users/pedro/documents/visual studio 2010/Projects/ES1TDD/TestTDD/bin/Debug/TestTDD.DLL" adapterTypeName="Microsoft.VisualStudio.TestTools.TestTypes.Unit.UnitTestAdapter, Microsoft.VisualStudio.QualityTools.Tips.UnitTest.Adapter, Version=10.0.0.0, Culture=neutral, PublicKeyToken=b03f5f7f11d50a3a" className="TestTDD.CupomTest, TestTDD, Version=1.0.0.0, Culture=neutral, PublicKeyToken=null" name="IsValidoTestFalse" />
    </UnitTest>
    <UnitTest name="getPotzTest" storage="c:\users\pedro\documents\visual studio 2010\projects\es1tdd\testtdd\bin\debug\testtdd.dll" id="045226f6-1e61-163a-228e-49c72a9bf52d">
      <Execution id="4d156f21-f4b7-428e-bc61-98588a0ea67f" />
      <TestMethod codeBase="c:/users/pedro/documents/visual studio 2010/Projects/ES1TDD/TestTDD/bin/Debug/TestTDD.DLL" adapterTypeName="Microsoft.VisualStudio.TestTools.TestTypes.Unit.UnitTestAdapter, Microsoft.VisualStudio.QualityTools.Tips.UnitTest.Adapter, Version=10.0.0.0, Culture=neutral, PublicKeyToken=b03f5f7f11d50a3a" className="TestTDD.CupomTest, TestTDD, Version=1.0.0.0, Culture=neutral, PublicKeyToken=null" name="getPotzTest" />
    </UnitTest>
    <UnitTest name="getPotzTest2" storage="c:\users\pedro\documents\visual studio 2010\projects\es1tdd\testtdd\bin\debug\testtdd.dll" id="2be49f09-49af-c057-f47b-cad0bb05efc0">
      <Execution id="ab6c9cbc-5df6-41c3-8bf0-0f5c7cf44708" />
      <TestMethod codeBase="c:/users/pedro/documents/visual studio 2010/Projects/ES1TDD/TestTDD/bin/Debug/TestTDD.DLL" adapterTypeName="Microsoft.VisualStudio.TestTools.TestTypes.Unit.UnitTestAdapter, Microsoft.VisualStudio.QualityTools.Tips.UnitTest.Adapter, Version=10.0.0.0, Culture=neutral, PublicKeyToken=b03f5f7f11d50a3a" className="TestTDD.CupomTest, TestTDD, Version=1.0.0.0, Culture=neutral, PublicKeyToken=null" name="getPotzTest2" />
    </UnitTest>
  </TestDefinitions>
  <TestLists>
    <TestList name="Results Not in a List" id="8c84fa94-04c1-424b-9868-57a2d4851a1d" />
    <TestList name="All Loaded Results" id="19431567-8539-422a-85d7-44ee4e166bda" />
  </TestLists>
  <TestEntries>
    <TestEntry testId="045226f6-1e61-163a-228e-49c72a9bf52d" executionId="4d156f21-f4b7-428e-bc61-98588a0ea67f" testListId="8c84fa94-04c1-424b-9868-57a2d4851a1d" />
    <TestEntry testId="2be49f09-49af-c057-f47b-cad0bb05efc0" executionId="ab6c9cbc-5df6-41c3-8bf0-0f5c7cf44708" testListId="8c84fa94-04c1-424b-9868-57a2d4851a1d" />
    <TestEntry testId="aba7c4a4-1e96-9fe0-7c16-fcb266ebb7f9" executionId="d2d27b40-afdd-4fbd-9b24-2197b8f99cd2" testListId="8c84fa94-04c1-424b-9868-57a2d4851a1d" />
    <TestEntry testId="ac84d717-6b39-8aec-5ab1-6e7c1ed03c5a" executionId="c5145540-4a1c-495b-bdb1-175445160774" testListId="8c84fa94-04c1-424b-9868-57a2d4851a1d" />
  </TestEntries>
  <Results>
    <UnitTestResult executionId="4d156f21-f4b7-428e-bc61-98588a0ea67f" testId="045226f6-1e61-163a-228e-49c72a9bf52d" testName="getPotzTest" computerName="PEDRO-PC" duration="00:00:00.0126824" startTime="2012-06-10T21:21:52.3605427-03:00" endTime="2012-06-10T21:21:52.5745549-03:00" testType="13cdc9d9-ddb5-4fa4-a97d-d965ccfc6d4b" outcome="Passed" testListId="8c84fa94-04c1-424b-9868-57a2d4851a1d" relativeResultsDirectory="4d156f21-f4b7-428e-bc61-98588a0ea67f">
    </UnitTestResult>
    <UnitTestResult executionId="ab6c9cbc-5df6-41c3-8bf0-0f5c7cf44708" testId="2be49f09-49af-c057-f47b-cad0bb05efc0" testName="getPotzTest2" computerName="PEDRO-PC" duration="00:00:00.0002021" startTime="2012-06-10T21:21:52.5765551-03:00" endTime="2012-06-10T21:21:52.5815554-03:00" testType="13cdc9d9-ddb5-4fa4-a97d-d965ccfc6d4b" outcome="Passed" testListId="8c84fa94-04c1-424b-9868-57a2d4851a1d" relativeResultsDirectory="ab6c9cbc-5df6-41c3-8bf0-0f5c7cf44708">
    </UnitTestResult>
    <UnitTestResult executionId="d2d27b40-afdd-4fbd-9b24-2197b8f99cd2" testId="aba7c4a4-1e96-9fe0-7c16-fcb266ebb7f9" testName="IsValidoTestFalse" computerName="PEDRO-PC" duration="00:00:00.0003480" startTime="2012-06-10T21:21:52.5835555-03:00" endTime="2012-06-10T21:21:52.5875557-03:00" testType="13cdc9d9-ddb5-4fa4-a97d-d965ccfc6d4b" outcome="Passed" testListId="8c84fa94-04c1-424b-9868-57a2d4851a1d" relativeResultsDirectory="d2d27b40-afdd-4fbd-9b24-2197b8f99cd2">
    </UnitTestResult>
    <UnitTestResult executionId="c5145540-4a1c-495b-bdb1-175445160774" testId="ac84d717-6b39-8aec-5ab1-6e7c1ed03c5a" testName="IsValidoTestTrue" computerName="PEDRO-PC" duration="00:00:00.0001717" startTime="2012-06-10T21:21:52.5905559-03:00" endTime="2012-06-10T21:21:52.5935560-03:00" testType="13cdc9d9-ddb5-4fa4-a97d-d965ccfc6d4b" outcome="Passed" testListId="8c84fa94-04c1-424b-9868-57a2d4851a1d" relativeResultsDirectory="c5145540-4a1c-495b-bdb1-175445160774">
    </UnitTestResult>
  </Results>
</TestRun>