<?xml version="1.0" encoding="UTF-8"?>
<TestRun id="97663647-c1ba-4398-a71d-4c64af300616" name="Pedro@PEDRO-PC 2012-06-10 21:18:31" runUser="Pedro-PC\Pedro" xmlns="http://microsoft.com/schemas/VisualStudio/TeamTest/2010">
  <TestSettings name="Local" id="844e47e7-8328-45e7-8c07-d81531a54d87">
    <Description>These are default test settings for a local test run.</Description>
    <Deployment enabled="false" runDeploymentRoot="Pedro_PEDRO-PC 2012-06-10 21_18_31">
      <DeploymentItem filename="c:\users\pedro\documents\visual studio 2010\Projects\ES1TDD\ES1TDD\bin\ES1TDD.dll" />
    </Deployment>
    <Execution>
      <TestTypeSpecific />
      <AgentRule name="Execution Agents">
      </AgentRule>
    </Execution>
  </TestSettings>
  <Times creation="2012-06-10T21:18:31.2870420-03:00" queuing="2012-06-10T21:18:31.3380449-03:00" start="2012-06-10T21:18:31.3670465-03:00" finish="2012-06-10T21:18:31.5930595-03:00" />
  <ResultSummary outcome="Completed">
    <Counters total="1" executed="1" passed="1" error="0" failed="0" timeout="0" aborted="0" inconclusive="0" passedButRunAborted="0" notRunnable="0" notExecuted="0" disconnected="0" warning="0" completed="0" inProgress="0" pending="0" />
  </ResultSummary>
  <TestDefinitions>
    <UnitTest name="getPotzTest2" storage="c:\users\pedro\documents\visual studio 2010\projects\es1tdd\testtdd\bin\debug\testtdd.dll" id="2be49f09-49af-c057-f47b-cad0bb05efc0">
      <Execution id="0d930bc7-7b62-4b67-8fbd-42b053d43829" />
      <TestMethod codeBase="c:/users/pedro/documents/visual studio 2010/Projects/ES1TDD/TestTDD/bin/Debug/TestTDD.DLL" adapterTypeName="Microsoft.VisualStudio.TestTools.TestTypes.Unit.UnitTestAdapter, Microsoft.VisualStudio.QualityTools.Tips.UnitTest.Adapter, Version=10.0.0.0, Culture=neutral, PublicKeyToken=b03f5f7f11d50a3a" className="TestTDD.CupomTest, TestTDD, Version=1.0.0.0, Culture=neutral, PublicKeyToken=null" name="getPotzTest2" />
    </UnitTest>
  </TestDefinitions>
  <TestLists>
    <TestList name="Results Not in a List" id="8c84fa94-04c1-424b-9868-57a2d4851a1d" />
    <TestList name="All Loaded Results" id="19431567-8539-422a-85d7-44ee4e166bda" />
  </TestLists>
  <TestEntries>
    <TestEntry testId="2be49f09-49af-c057-f47b-cad0bb05efc0" executionId="0d930bc7-7b62-4b67-8fbd-42b053d43829" testListId="8c84fa94-04c1-424b-9868-57a2d4851a1d" />
  </TestEntries>
  <Results>
    <UnitTestResult executionId="0d930bc7-7b62-4b67-8fbd-42b053d43829" testId="2be49f09-49af-c057-f47b-cad0bb05efc0" testName="getPotzTest2" computerName="PEDRO-PC" duration="00:00:00.0129242" startTime="2012-06-10T21:18:31.3810473-03:00" endTime="2012-06-10T21:18:31.5770586-03:00" testType="13cdc9d9-ddb5-4fa4-a97d-d965ccfc6d4b" outcome="Passed" testListId="8c84fa94-04c1-424b-9868-57a2d4851a1d" relativeResultsDirectory="0d930bc7-7b62-4b67-8fbd-42b053d43829">
    </UnitTestResult>
  </Results>
</TestRun>