<?xml version="1.0" encoding="UTF-8"?>
<TestRun id="1ee66547-d38c-4235-9a41-a888d7a50d17" name="Pedro@PEDRO-PC 2012-06-10 21:11:29" runUser="Pedro-PC\Pedro" xmlns="http://microsoft.com/schemas/VisualStudio/TeamTest/2010">
  <TestSettings name="Local" id="844e47e7-8328-45e7-8c07-d81531a54d87">
    <Description>These are default test settings for a local test run.</Description>
    <Deployment enabled="false" runDeploymentRoot="Pedro_PEDRO-PC 2012-06-10 21_11_29">
      <DeploymentItem filename="c:\users\pedro\documents\visual studio 2010\Projects\ES1TDD\ES1TDD\bin\ES1TDD.dll" />
    </Deployment>
    <Execution>
      <TestTypeSpecific />
      <AgentRule name="Execution Agents">
      </AgentRule>
    </Execution>
  </TestSettings>
  <Times creation="2012-06-10T21:11:29.8289359-03:00" queuing="2012-06-10T21:11:29.8689382-03:00" start="2012-06-10T21:11:29.8859392-03:00" finish="2012-06-10T21:11:30.2299589-03:00" />
  <ResultSummary outcome="Failed">
    <Counters total="1" executed="1" error="0" failed="1" timeout="0" aborted="0" inconclusive="0" passedButRunAborted="0" notRunnable="0" notExecuted="0" disconnected="0" warning="0" passed="0" completed="0" inProgress="0" pending="0" />
  </ResultSummary>
  <TestDefinitions>
    <UnitTest name="getPotzTest" storage="c:\users\pedro\documents\visual studio 2010\projects\es1tdd\testtdd\bin\debug\testtdd.dll" id="045226f6-1e61-163a-228e-49c72a9bf52d">
      <Execution id="46a45107-1175-499b-b2b9-2fc59136c473" />
      <TestMethod codeBase="c:/users/pedro/documents/visual studio 2010/Projects/ES1TDD/TestTDD/bin/Debug/TestTDD.DLL" adapterTypeName="Microsoft.VisualStudio.TestTools.TestTypes.Unit.UnitTestAdapter, Microsoft.VisualStudio.QualityTools.Tips.UnitTest.Adapter, Version=10.0.0.0, Culture=neutral, PublicKeyToken=b03f5f7f11d50a3a" className="TestTDD.CupomTest, TestTDD, Version=1.0.0.0, Culture=neutral, PublicKeyToken=null" name="getPotzTest" />
    </UnitTest>
  </TestDefinitions>
  <TestLists>
    <TestList name="Results Not in a List" id="8c84fa94-04c1-424b-9868-57a2d4851a1d" />
    <TestList name="All Loaded Results" id="19431567-8539-422a-85d7-44ee4e166bda" />
  </TestLists>
  <TestEntries>
    <TestEntry testId="045226f6-1e61-163a-228e-49c72a9bf52d" executionId="46a45107-1175-499b-b2b9-2fc59136c473" testListId="8c84fa94-04c1-424b-9868-57a2d4851a1d" />
  </TestEntries>
  <Results>
    <UnitTestResult executionId="46a45107-1175-499b-b2b9-2fc59136c473" testId="045226f6-1e61-163a-228e-49c72a9bf52d" testName="getPotzTest" computerName="PEDRO-PC" duration="00:00:00.0390427" startTime="2012-06-10T21:11:29.9049403-03:00" endTime="2012-06-10T21:11:30.1599549-03:00" testType="13cdc9d9-ddb5-4fa4-a97d-d965ccfc6d4b" outcome="Failed" testListId="8c84fa94-04c1-424b-9868-57a2d4851a1d" relativeResultsDirectory="46a45107-1175-499b-b2b9-2fc59136c473">
      <Output>
        <ErrorInfo>
          <Message>Assert.Fail failed. Assert.Equals should not be used for Assertions. Please use Assert.AreEqual &amp; overloads instead.</Message>
          <StackTrace>   em TestTDD.CupomTest.getPotzTest() na c:\users\pedro\documents\visual studio 2010\Projects\ES1TDD\TestTDD\CupomTest.cs:linha 74
</StackTrace>
        </ErrorInfo>
      </Output>
    </UnitTestResult>
  </Results>
</TestRun>