<?xml version="1.0" encoding="UTF-8"?>
<TestRun id="d63e9cee-8445-49d1-a01e-68ace470ddf3" name="Pedro@PEDRO-PC 2012-06-10 21:12:56" runUser="Pedro-PC\Pedro" xmlns="http://microsoft.com/schemas/VisualStudio/TeamTest/2010">
  <TestSettings name="Local" id="844e47e7-8328-45e7-8c07-d81531a54d87">
    <Description>These are default test settings for a local test run.</Description>
    <Deployment enabled="false" runDeploymentRoot="Pedro_PEDRO-PC 2012-06-10 21_12_56">
      <DeploymentItem filename="c:\users\pedro\documents\visual studio 2010\Projects\ES1TDD\ES1TDD\bin\ES1TDD.dll" />
    </Deployment>
    <Execution>
      <TestTypeSpecific />
      <AgentRule name="Execution Agents">
      </AgentRule>
    </Execution>
  </TestSettings>
  <Times creation="2012-06-10T21:12:56.6509019-03:00" queuing="2012-06-10T21:12:56.6849038-03:00" start="2012-06-10T21:12:56.6999047-03:00" finish="2012-06-10T21:12:57.2809379-03:00" />
  <ResultSummary outcome="Failed">
    <Counters total="3" executed="3" passed="2" error="0" failed="1" timeout="0" aborted="0" inconclusive="0" passedButRunAborted="0" notRunnable="0" notExecuted="0" disconnected="0" warning="0" completed="0" inProgress="0" pending="0" />
  </ResultSummary>
  <TestDefinitions>
    <UnitTest name="IsValidoTestTrue" storage="c:\users\pedro\documents\visual studio 2010\projects\es1tdd\testtdd\bin\debug\testtdd.dll" id="ac84d717-6b39-8aec-5ab1-6e7c1ed03c5a">
      <Execution id="5bee1d05-2b7e-4bdd-b567-a6ffd291eefe" />
      <TestMethod codeBase="c:/users/pedro/documents/visual studio 2010/Projects/ES1TDD/TestTDD/bin/Debug/TestTDD.DLL" adapterTypeName="Microsoft.VisualStudio.TestTools.TestTypes.Unit.UnitTestAdapter, Microsoft.VisualStudio.QualityTools.Tips.UnitTest.Adapter, Version=10.0.0.0, Culture=neutral, PublicKeyToken=b03f5f7f11d50a3a" className="TestTDD.CupomTest, TestTDD, Version=1.0.0.0, Culture=neutral, PublicKeyToken=null" name="IsValidoTestTrue" />
    </UnitTest>
    <UnitTest name="IsValidoTestFalse" storage="c:\users\pedro\documents\visual studio 2010\projects\es1tdd\testtdd\bin\debug\testtdd.dll" id="aba7c4a4-1e96-9fe0-7c16-fcb266ebb7f9">
      <Execution id="4441958a-e09d-4ad0-9e1f-4ff8d616dbf0" />
      <TestMethod codeBase="c:/users/pedro/documents/visual studio 2010/Projects/ES1TDD/TestTDD/bin/Debug/TestTDD.DLL" adapterTypeName="Microsoft.VisualStudio.TestTools.TestTypes.Unit.UnitTestAdapter, Microsoft.VisualStudio.QualityTools.Tips.UnitTest.Adapter, Version=10.0.0.0, Culture=neutral, PublicKeyToken=b03f5f7f11d50a3a" className="TestTDD.CupomTest, TestTDD, Version=1.0.0.0, Culture=neutral, PublicKeyToken=null" name="IsValidoTestFalse" />
    </UnitTest>
    <UnitTest name="getPotzTest" storage="c:\users\pedro\documents\visual studio 2010\projects\es1tdd\testtdd\bin\debug\testtdd.dll" id="045226f6-1e61-163a-228e-49c72a9bf52d">
      <Execution id="8d9002e3-d5ae-4eb7-a430-1a98744db0d4" />
      <TestMethod codeBase="c:/users/pedro/documents/visual studio 2010/Projects/ES1TDD/TestTDD/bin/Debug/TestTDD.DLL" adapterTypeName="Microsoft.VisualStudio.TestTools.TestTypes.Unit.UnitTestAdapter, Microsoft.VisualStudio.QualityTools.Tips.UnitTest.Adapter, Version=10.0.0.0, Culture=neutral, PublicKeyToken=b03f5f7f11d50a3a" className="TestTDD.CupomTest, TestTDD, Version=1.0.0.0, Culture=neutral, PublicKeyToken=null" name="getPotzTest" />
    </UnitTest>
  </TestDefinitions>
  <TestLists>
    <TestList name="Results Not in a List" id="8c84fa94-04c1-424b-9868-57a2d4851a1d" />
    <TestList name="All Loaded Results" id="19431567-8539-422a-85d7-44ee4e166bda" />
  </TestLists>
  <TestEntries>
    <TestEntry testId="045226f6-1e61-163a-228e-49c72a9bf52d" executionId="8d9002e3-d5ae-4eb7-a430-1a98744db0d4" testListId="8c84fa94-04c1-424b-9868-57a2d4851a1d" />
    <TestEntry testId="aba7c4a4-1e96-9fe0-7c16-fcb266ebb7f9" executionId="4441958a-e09d-4ad0-9e1f-4ff8d616dbf0" testListId="8c84fa94-04c1-424b-9868-57a2d4851a1d" />
    <TestEntry testId="ac84d717-6b39-8aec-5ab1-6e7c1ed03c5a" executionId="5bee1d05-2b7e-4bdd-b567-a6ffd291eefe" testListId="8c84fa94-04c1-424b-9868-57a2d4851a1d" />
  </TestEntries>
  <Results>
    <UnitTestResult executionId="8d9002e3-d5ae-4eb7-a430-1a98744db0d4" testId="045226f6-1e61-163a-228e-49c72a9bf52d" testName="getPotzTest" computerName="PEDRO-PC" duration="00:00:00.0310023" startTime="2012-06-10T21:12:56.7079051-03:00" endTime="2012-06-10T21:12:56.9809207-03:00" testType="13cdc9d9-ddb5-4fa4-a97d-d965ccfc6d4b" outcome="Failed" testListId="8c84fa94-04c1-424b-9868-57a2d4851a1d" relativeResultsDirectory="8d9002e3-d5ae-4eb7-a430-1a98744db0d4">
      <Output>
        <ErrorInfo>
          <Message>Assert.Fail failed. Assert.Equals should not be used for Assertions. Please use Assert.AreEqual &amp; overloads instead.</Message>
          <StackTrace>   em TestTDD.CupomTest.getPotzTest() na c:\users\pedro\documents\visual studio 2010\Projects\ES1TDD\TestTDD\CupomTest.cs:linha 74
</StackTrace>
        </ErrorInfo>
      </Output>
    </UnitTestResult>
    <UnitTestResult executionId="4441958a-e09d-4ad0-9e1f-4ff8d616dbf0" testId="aba7c4a4-1e96-9fe0-7c16-fcb266ebb7f9" testName="IsValidoTestFalse" computerName="PEDRO-PC" duration="00:00:00.0005814" startTime="2012-06-10T21:12:56.9839209-03:00" endTime="2012-06-10T21:12:56.9889212-03:00" testType="13cdc9d9-ddb5-4fa4-a97d-d965ccfc6d4b" outcome="Passed" testListId="8c84fa94-04c1-424b-9868-57a2d4851a1d" relativeResultsDirectory="4441958a-e09d-4ad0-9e1f-4ff8d616dbf0">
    </UnitTestResult>
    <UnitTestResult executionId="5bee1d05-2b7e-4bdd-b567-a6ffd291eefe" testId="ac84d717-6b39-8aec-5ab1-6e7c1ed03c5a" testName="IsValidoTestTrue" computerName="PEDRO-PC" duration="00:00:00.0002396" startTime="2012-06-10T21:12:56.9909213-03:00" endTime="2012-06-10T21:12:56.9969217-03:00" testType="13cdc9d9-ddb5-4fa4-a97d-d965ccfc6d4b" outcome="Passed" testListId="8c84fa94-04c1-424b-9868-57a2d4851a1d" relativeResultsDirectory="5bee1d05-2b7e-4bdd-b567-a6ffd291eefe">
    </UnitTestResult>
  </Results>
</TestRun>