<?xml version="1.0" encoding="UTF-8"?>
<TestRun id="a16987c1-1576-4a53-8c9e-2b7b730c4a75" name="Pedro@PEDRO-PC 2012-06-10 21:13:24" runUser="Pedro-PC\Pedro" xmlns="http://microsoft.com/schemas/VisualStudio/TeamTest/2010">
  <TestSettings name="Local" id="844e47e7-8328-45e7-8c07-d81531a54d87">
    <Description>These are default test settings for a local test run.</Description>
    <Deployment enabled="false" runDeploymentRoot="Pedro_PEDRO-PC 2012-06-10 21_13_24">
      <DeploymentItem filename="c:\users\pedro\documents\visual studio 2010\Projects\ES1TDD\ES1TDD\bin\ES1TDD.dll" />
    </Deployment>
    <Execution>
      <TestTypeSpecific />
      <AgentRule name="Execution Agents">
      </AgentRule>
    </Execution>
  </TestSettings>
  <Times creation="2012-06-10T21:13:24.2234789-03:00" queuing="2012-06-10T21:13:24.2534806-03:00" start="2012-06-10T21:13:24.2764820-03:00" finish="2012-06-10T21:13:24.7765106-03:00" />
  <ResultSummary outcome="Completed">
    <Counters total="1" executed="1" passed="1" error="0" failed="0" timeout="0" aborted="0" inconclusive="0" passedButRunAborted="0" notRunnable="0" notExecuted="0" disconnected="0" warning="0" completed="0" inProgress="0" pending="0" />
  </ResultSummary>
  <TestDefinitions>
    <UnitTest name="getPotzTest" storage="c:\users\pedro\documents\visual studio 2010\projects\es1tdd\testtdd\bin\debug\testtdd.dll" id="045226f6-1e61-163a-228e-49c72a9bf52d">
      <Execution id="5724faf5-051c-435a-9449-b050e224c24f" />
      <TestMethod codeBase="c:/users/pedro/documents/visual studio 2010/Projects/ES1TDD/TestTDD/bin/Debug/TestTDD.DLL" adapterTypeName="Microsoft.VisualStudio.TestTools.TestTypes.Unit.UnitTestAdapter, Microsoft.VisualStudio.QualityTools.Tips.UnitTest.Adapter, Version=10.0.0.0, Culture=neutral, PublicKeyToken=b03f5f7f11d50a3a" className="TestTDD.CupomTest, TestTDD, Version=1.0.0.0, Culture=neutral, PublicKeyToken=null" name="getPotzTest" />
    </UnitTest>
  </TestDefinitions>
  <TestLists>
    <TestList name="Results Not in a List" id="8c84fa94-04c1-424b-9868-57a2d4851a1d" />
    <TestList name="All Loaded Results" id="19431567-8539-422a-85d7-44ee4e166bda" />
  </TestLists>
  <TestEntries>
    <TestEntry testId="045226f6-1e61-163a-228e-49c72a9bf52d" executionId="5724faf5-051c-435a-9449-b050e224c24f" testListId="8c84fa94-04c1-424b-9868-57a2d4851a1d" />
  </TestEntries>
  <Results>
    <UnitTestResult executionId="5724faf5-051c-435a-9449-b050e224c24f" testId="045226f6-1e61-163a-228e-49c72a9bf52d" testName="getPotzTest" computerName="PEDRO-PC" duration="00:00:00.0131862" startTime="2012-06-10T21:13:24.2834824-03:00" endTime="2012-06-10T21:13:24.4924943-03:00" testType="13cdc9d9-ddb5-4fa4-a97d-d965ccfc6d4b" outcome="Passed" testListId="8c84fa94-04c1-424b-9868-57a2d4851a1d" relativeResultsDirectory="5724faf5-051c-435a-9449-b050e224c24f">
    </UnitTestResult>
  </Results>
</TestRun>