<?xml version="1.0" encoding="UTF-8"?>
<TestRun id="7c844791-a898-43a4-8144-b7a20b4d2717" name="Pedro@PEDRO-PC 2012-06-10 21:08:57" runUser="Pedro-PC\Pedro" xmlns="http://microsoft.com/schemas/VisualStudio/TeamTest/2010">
  <TestSettings name="Local" id="844e47e7-8328-45e7-8c07-d81531a54d87">
    <Description>These are default test settings for a local test run.</Description>
    <Deployment enabled="false" runDeploymentRoot="Pedro_PEDRO-PC 2012-06-10 21_08_57">
      <DeploymentItem filename="c:\users\pedro\documents\visual studio 2010\Projects\ES1TDD\ES1TDD\bin\ES1TDD.dll" />
    </Deployment>
    <Execution>
      <TestTypeSpecific />
      <AgentRule name="Execution Agents">
      </AgentRule>
    </Execution>
  </TestSettings>
  <Times creation="2012-06-10T21:08:57.1792049-03:00" queuing="2012-06-10T21:08:57.2102066-03:00" start="2012-06-10T21:08:57.2212073-03:00" finish="2012-06-10T21:08:57.6672328-03:00" />
  <ResultSummary outcome="Failed">
    <Counters total="3" executed="3" passed="2" error="0" failed="1" timeout="0" aborted="0" inconclusive="0" passedButRunAborted="0" notRunnable="0" notExecuted="0" disconnected="0" warning="0" completed="0" inProgress="0" pending="0" />
  </ResultSummary>
  <TestDefinitions>
    <UnitTest name="IsValidoTestTrue" storage="c:\users\pedro\documents\visual studio 2010\projects\es1tdd\testtdd\bin\debug\testtdd.dll" id="ac84d717-6b39-8aec-5ab1-6e7c1ed03c5a">
      <Execution id="d1d87ad9-c007-4036-8626-4cf3027128b1" />
      <TestMethod codeBase="c:/users/pedro/documents/visual studio 2010/Projects/ES1TDD/TestTDD/bin/Debug/TestTDD.DLL" adapterTypeName="Microsoft.VisualStudio.TestTools.TestTypes.Unit.UnitTestAdapter, Microsoft.VisualStudio.QualityTools.Tips.UnitTest.Adapter, Version=10.0.0.0, Culture=neutral, PublicKeyToken=b03f5f7f11d50a3a" className="TestTDD.CupomTest, TestTDD, Version=1.0.0.0, Culture=neutral, PublicKeyToken=null" name="IsValidoTestTrue" />
    </UnitTest>
    <UnitTest name="IsValidoTestFalse" storage="c:\users\pedro\documents\visual studio 2010\projects\es1tdd\testtdd\bin\debug\testtdd.dll" id="aba7c4a4-1e96-9fe0-7c16-fcb266ebb7f9">
      <Execution id="63084942-914c-4fc7-aa94-b8c0eafa2836" />
      <TestMethod codeBase="c:/users/pedro/documents/visual studio 2010/Projects/ES1TDD/TestTDD/bin/Debug/TestTDD.DLL" adapterTypeName="Microsoft.VisualStudio.TestTools.TestTypes.Unit.UnitTestAdapter, Microsoft.VisualStudio.QualityTools.Tips.UnitTest.Adapter, Version=10.0.0.0, Culture=neutral, PublicKeyToken=b03f5f7f11d50a3a" className="TestTDD.CupomTest, TestTDD, Version=1.0.0.0, Culture=neutral, PublicKeyToken=null" name="IsValidoTestFalse" />
    </UnitTest>
    <UnitTest name="getPotzTest" storage="c:\users\pedro\documents\visual studio 2010\projects\es1tdd\testtdd\bin\debug\testtdd.dll" id="045226f6-1e61-163a-228e-49c72a9bf52d">
      <Execution id="e8a8ad04-c160-4180-8bce-9788eeebb9ce" />
      <TestMethod codeBase="c:/users/pedro/documents/visual studio 2010/Projects/ES1TDD/TestTDD/bin/Debug/TestTDD.DLL" adapterTypeName="Microsoft.VisualStudio.TestTools.TestTypes.Unit.UnitTestAdapter, Microsoft.VisualStudio.QualityTools.Tips.UnitTest.Adapter, Version=10.0.0.0, Culture=neutral, PublicKeyToken=b03f5f7f11d50a3a" className="TestTDD.CupomTest, TestTDD, Version=1.0.0.0, Culture=neutral, PublicKeyToken=null" name="getPotzTest" />
    </UnitTest>
  </TestDefinitions>
  <TestLists>
    <TestList name="Results Not in a List" id="8c84fa94-04c1-424b-9868-57a2d4851a1d" />
    <TestList name="All Loaded Results" id="19431567-8539-422a-85d7-44ee4e166bda" />
  </TestLists>
  <TestEntries>
    <TestEntry testId="045226f6-1e61-163a-228e-49c72a9bf52d" executionId="e8a8ad04-c160-4180-8bce-9788eeebb9ce" testListId="8c84fa94-04c1-424b-9868-57a2d4851a1d" />
    <TestEntry testId="aba7c4a4-1e96-9fe0-7c16-fcb266ebb7f9" executionId="63084942-914c-4fc7-aa94-b8c0eafa2836" testListId="8c84fa94-04c1-424b-9868-57a2d4851a1d" />
    <TestEntry testId="ac84d717-6b39-8aec-5ab1-6e7c1ed03c5a" executionId="d1d87ad9-c007-4036-8626-4cf3027128b1" testListId="8c84fa94-04c1-424b-9868-57a2d4851a1d" />
  </TestEntries>
  <Results>
    <UnitTestResult executionId="e8a8ad04-c160-4180-8bce-9788eeebb9ce" testId="045226f6-1e61-163a-228e-49c72a9bf52d" testName="getPotzTest" computerName="PEDRO-PC" duration="00:00:00.0417745" startTime="2012-06-10T21:08:57.2232074-03:00" endTime="2012-06-10T21:08:57.4642212-03:00" testType="13cdc9d9-ddb5-4fa4-a97d-d965ccfc6d4b" outcome="Failed" testListId="8c84fa94-04c1-424b-9868-57a2d4851a1d" relativeResultsDirectory="e8a8ad04-c160-4180-8bce-9788eeebb9ce">
      <Output>
        <ErrorInfo>
          <Message>Assert.Fail failed. Assert.Equals should not be used for Assertions. Please use Assert.AreEqual &amp; overloads instead.</Message>
          <StackTrace>   em TestTDD.CupomTest.getPotzTest() na c:\users\pedro\documents\visual studio 2010\Projects\ES1TDD\TestTDD\CupomTest.cs:linha 74
</StackTrace>
        </ErrorInfo>
      </Output>
    </UnitTestResult>
    <UnitTestResult executionId="63084942-914c-4fc7-aa94-b8c0eafa2836" testId="aba7c4a4-1e96-9fe0-7c16-fcb266ebb7f9" testName="IsValidoTestFalse" computerName="PEDRO-PC" duration="00:00:00.0005488" startTime="2012-06-10T21:08:57.4652212-03:00" endTime="2012-06-10T21:08:57.4692215-03:00" testType="13cdc9d9-ddb5-4fa4-a97d-d965ccfc6d4b" outcome="Passed" testListId="8c84fa94-04c1-424b-9868-57a2d4851a1d" relativeResultsDirectory="63084942-914c-4fc7-aa94-b8c0eafa2836">
    </UnitTestResult>
    <UnitTestResult executionId="d1d87ad9-c007-4036-8626-4cf3027128b1" testId="ac84d717-6b39-8aec-5ab1-6e7c1ed03c5a" testName="IsValidoTestTrue" computerName="PEDRO-PC" duration="00:00:00.0001784" startTime="2012-06-10T21:08:57.4712216-03:00" endTime="2012-06-10T21:08:57.4742217-03:00" testType="13cdc9d9-ddb5-4fa4-a97d-d965ccfc6d4b" outcome="Passed" testListId="8c84fa94-04c1-424b-9868-57a2d4851a1d" relativeResultsDirectory="d1d87ad9-c007-4036-8626-4cf3027128b1">
    </UnitTestResult>
  </Results>
</TestRun>